TN:
SF:/Users/baijunjie/Documents/GitHub/vue-project/src/components/Hello/Hello.spec.js
FN:4,(anonymous_0)
FN:5,(anonymous_1)
FNF:2
FNH:2
FNDA:1,(anonymous_0)
FNDA:1,(anonymous_1)
DA:4,1
DA:5,1
DA:6,1
DA:7,1
DA:8,1
LF:5
LH:5
BRF:0
BRH:0
end_of_record
TN:
SF:/Users/baijunjie/Documents/GitHub/vue-project/src/components/Hello/index.vue
FNF:0
FNH:0
DA:27,1
LF:1
LH:1
BRF:0
BRH:0
end_of_record
TN:
SF:/Users/baijunjie/Documents/GitHub/vue-project/src/App.vue
FNF:0
FNH:0
LF:0
LH:0
BRF:0
BRH:0
end_of_record
TN:
SF:/Users/baijunjie/Documents/GitHub/vue-project/src/components/index/header.vue
FNF:0
FNH:0
DA:16,0
LF:1
LH:0
BRF:0
BRH:0
end_of_record
TN:
SF:/Users/baijunjie/Documents/GitHub/vue-project/src/components/index/nav.vue
FNF:0
FNH:0
DA:21,0
DA:28,0
LF:2
LH:0
BRF:0
BRH:0
end_of_record
TN:
SF:/Users/baijunjie/Documents/GitHub/vue-project/src/components/index/breadcrumb.vue
FN:14,(anonymous_0)
FNF:1
FNH:0
FNDA:0,(anonymous_0)
DA:14,0
DA:20,0
DA:21,0
LF:3
LH:0
BRF:0
BRH:0
end_of_record
TN:
SF:/Users/baijunjie/Documents/GitHub/vue-project/src/views/404/index.vue
FN:9,(anonymous_0)
FNF:1
FNH:0
FNDA:0,(anonymous_0)
DA:9,1
DA:10,0
DA:15,0
LF:3
LH:1
BRF:0
BRH:0
end_of_record
TN:
SF:/Users/baijunjie/Documents/GitHub/vue-project/src/views/demo/bar/index.vue
FN:14,(anonymous_0)
FN:35,(anonymous_1)
FN:38,(anonymous_2)
FN:41,(anonymous_3)
FN:44,(anonymous_4)
FNF:5
FNH:0
FNDA:0,(anonymous_0)
FNDA:0,(anonymous_1)
FNDA:0,(anonymous_2)
FNDA:0,(anonymous_3)
FNDA:0,(anonymous_4)
DA:14,1
DA:15,0
DA:20,0
DA:28,0
DA:36,0
DA:39,0
DA:42,0
DA:45,0
LF:8
LH:1
BRF:0
BRH:0
end_of_record
TN:
SF:/Users/baijunjie/Documents/GitHub/vue-project/src/views/demo/foo/index.vue
FN:20,(anonymous_0)
FN:39,(anonymous_1)
FN:42,(anonymous_2)
FNF:3
FNH:0
FNDA:0,(anonymous_0)
FNDA:0,(anonymous_1)
FNDA:0,(anonymous_2)
DA:20,1
DA:21,0
DA:26,0
DA:36,0
DA:40,0
DA:41,0
DA:42,0
DA:43,0
DA:44,0
DA:47,0
DA:48,0
LF:11
LH:1
BRDA:40,0,0,0
BRDA:40,0,1,0
BRF:2
BRH:0
end_of_record
TN:
SF:/Users/baijunjie/Documents/GitHub/vue-project/src/assets/js/G.js
FNF:0
FNH:0
LF:0
LH:0
BRF:0
BRH:0
end_of_record
TN:
SF:/Users/baijunjie/Documents/GitHub/vue-project/src/assets/js/utils.js
FN:11,ajax
FN:48,http
FN:84,(anonymous_2)
FN:87,(anonymous_3)
FN:94,extend
FN:168,hideAction
FN:218,findSameValueOfObjectFromArray
FN:220,(anonymous_7)
FN:230,textWrapToHtml
FN:235,getStorage
FN:243,setStorage
FN:250,removeStorage
FN:255,sessionTimeoutValidate
FN:270,log
FN:272,(anonymous_14)
FNF:15
FNH:0
FNDA:0,ajax
FNDA:0,http
FNDA:0,(anonymous_2)
FNDA:0,(anonymous_3)
FNDA:0,extend
FNDA:0,hideAction
FNDA:0,findSameValueOfObjectFromArray
FNDA:0,(anonymous_7)
FNDA:0,textWrapToHtml
FNDA:0,getStorage
FNDA:0,setStorage
FNDA:0,removeStorage
FNDA:0,sessionTimeoutValidate
FNDA:0,log
FNDA:0,(anonymous_14)
DA:14,0
DA:15,0
DA:17,0
DA:20,0
DA:21,0
DA:22,0
DA:23,0
DA:25,0
DA:26,0
DA:30,0
DA:39,0
DA:40,0
DA:41,0
DA:45,0
DA:51,0
DA:52,0
DA:54,0
DA:57,0
DA:58,0
DA:59,0
DA:60,0
DA:62,0
DA:63,0
DA:67,0
DA:68,0
DA:71,0
DA:78,0
DA:79,0
DA:80,0
DA:81,0
DA:84,0
DA:85,0
DA:86,0
DA:88,0
DA:89,0
DA:96,0
DA:97,0
DA:98,0
DA:99,0
DA:100,0
DA:101,0
DA:104,0
DA:105,0
DA:108,0
DA:109,0
DA:110,0
DA:114,0
DA:115,0
DA:119,0
DA:120,0
DA:121,0
DA:124,0
DA:127,0
DA:130,0
DA:131,0
DA:132,0
DA:135,0
DA:136,0
DA:140,0
DA:144,0
DA:145,0
DA:146,0
DA:149,0
DA:152,0
DA:154,0
DA:155,0
DA:162,0
DA:167,1
DA:169,0
DA:170,0
DA:173,0
DA:174,0
DA:177,0
DA:178,0
DA:180,0
DA:182,0
DA:184,0
DA:186,0
DA:187,0
DA:188,0
DA:190,0
DA:191,0
DA:192,0
DA:193,0
DA:194,0
DA:195,0
DA:197,0
DA:198,0
DA:201,0
DA:204,0
DA:205,0
DA:209,0
DA:211,0
DA:212,0
DA:213,0
DA:220,0
DA:221,0
DA:222,0
DA:223,0
DA:226,0
DA:231,0
DA:236,0
DA:237,0
DA:238,0
DA:240,0
DA:244,0
DA:245,0
DA:247,0
DA:251,0
DA:256,0
DA:258,0
DA:259,0
DA:262,0
DA:264,0
DA:265,0
DA:271,0
DA:272,0
DA:273,0
DA:274,0
DA:276,0
DA:279,0
LF:121
LH:1
BRDA:14,0,0,0
BRDA:14,0,1,0
BRDA:20,1,0,0
BRDA:20,1,1,0
BRDA:22,2,0,0
BRDA:22,2,1,0
BRDA:25,3,0,0
BRDA:25,3,1,0
BRDA:39,4,0,0
BRDA:39,4,1,0
BRDA:51,5,0,0
BRDA:51,5,1,0
BRDA:57,6,0,0
BRDA:57,6,1,0
BRDA:59,7,0,0
BRDA:59,7,1,0
BRDA:62,8,0,0
BRDA:62,8,1,0
BRDA:67,9,0,0
BRDA:67,9,1,0
BRDA:67,10,0,0
BRDA:67,10,1,0
BRDA:78,11,0,0
BRDA:78,11,1,0
BRDA:80,12,0,0
BRDA:80,12,1,0
BRDA:85,13,0,0
BRDA:85,13,1,0
BRDA:88,14,0,0
BRDA:88,14,1,0
BRDA:96,15,0,0
BRDA:96,15,1,0
BRDA:104,16,0,0
BRDA:104,16,1,0
BRDA:108,17,0,0
BRDA:108,17,1,0
BRDA:114,18,0,0
BRDA:114,18,1,0
BRDA:114,19,0,0
BRDA:114,19,1,0
BRDA:119,20,0,0
BRDA:119,20,1,0
BRDA:127,21,0,0
BRDA:127,21,1,0
BRDA:135,22,0,0
BRDA:135,22,1,0
BRDA:140,23,0,0
BRDA:140,23,1,0
BRDA:140,24,0,0
BRDA:140,24,1,0
BRDA:140,24,2,0
BRDA:140,24,3,0
BRDA:144,25,0,0
BRDA:144,25,1,0
BRDA:146,26,0,0
BRDA:146,26,1,0
BRDA:146,27,0,0
BRDA:146,27,1,0
BRDA:149,28,0,0
BRDA:149,28,1,0
BRDA:149,29,0,0
BRDA:149,29,1,0
BRDA:154,30,0,0
BRDA:154,30,1,0
BRDA:169,31,0,0
BRDA:169,31,1,0
BRDA:173,32,0,0
BRDA:173,32,1,0
BRDA:186,33,0,0
BRDA:186,33,1,0
BRDA:191,34,0,0
BRDA:191,34,1,0
BRDA:197,35,0,0
BRDA:197,35,1,0
BRDA:204,36,0,0
BRDA:204,36,1,0
BRDA:209,37,0,0
BRDA:209,37,1,0
BRDA:209,38,0,0
BRDA:209,38,1,0
BRDA:221,39,0,0
BRDA:221,39,1,0
BRDA:231,40,0,0
BRDA:231,40,1,0
BRDA:244,41,0,0
BRDA:244,41,1,0
BRDA:259,42,0,0
BRDA:259,42,1,0
BRDA:259,43,0,0
BRDA:259,43,1,0
BRDA:259,43,2,0
BRDA:273,44,0,0
BRDA:273,44,1,0
BRF:93
BRH:0
end_of_record
TN:
SF:/Users/baijunjie/Documents/GitHub/vue-project/src/assets/js/api.js
FN:8,getHost
FNF:1
FNH:1
FNDA:1,getHost
DA:1,1
DA:3,1
DA:9,1
DA:10,1
LF:4
LH:4
BRDA:9,0,0,1
BRDA:9,0,1,1
BRDA:10,1,0,1
BRDA:10,1,1,0
BRF:4
BRH:3
end_of_record
TN:
SF:/Users/baijunjie/Documents/GitHub/vue-project/src/assets/plugins/popup/js/popup.js
FN:6,(anonymous_0)
FN:17,(anonymous_1)
FN:23,(anonymous_2)
FN:369,boxFactory
FN:379,setGlobalOptions
FN:390,setOptions
FN:404,(anonymous_6)
FN:417,(anonymous_7)
FN:437,(anonymous_8)
FN:439,(anonymous_9)
FN:451,eventHandle
FN:459,isFunc
FN:463,createWrap
FN:478,isDOM
FN:483,isJQ
FN:488,clickClose
FN:501,addShowList
FN:508,removeShowList
FN:511,(anonymous_18)
FN:526,maskControl
FN:567,setMaskZIndex
FN:571,getQueue
FN:582,getLoadingBoxIndex
FN:594,getBox
FN:610,(anonymous_24)
FN:636,Box
FN:654,(anonymous_26)
FN:675,(anonymous_27)
FN:700,(anonymous_28)
FN:740,(anonymous_29)
FN:750,(anonymous_30)
FN:791,(anonymous_31)
FN:793,(anonymous_32)
FN:805,(anonymous_33)
FN:829,(anonymous_34)
FN:837,(anonymous_35)
FN:878,(anonymous_36)
FN:893,(anonymous_37)
FN:911,close
FN:923,(anonymous_39)
FN:979,alert
FN:991,confirm
FN:1002,loading
FN:1007,(anonymous_43)
FN:1021,loaded
FN:1035,done
FN:1043,(anonymous_46)
FN:1065,fail
FN:1073,(anonymous_48)
FN:1094,message
FN:1106,popup
FN:1112,(anonymous_51)
FN:1121,(anonymous_52)
FN:1129,(anonymous_53)
FN:1132,(anonymous_54)
FN:1135,(anonymous_55)
FN:1146,setMaskEffect
FNF:57
FNH:8
FNDA:1,(anonymous_0)
FNDA:1,(anonymous_1)
FNDA:0,(anonymous_2)
FNDA:0,boxFactory
FNDA:2,setGlobalOptions
FNDA:13,setOptions
FNDA:0,(anonymous_6)
FNDA:0,(anonymous_7)
FNDA:12,(anonymous_8)
FNDA:0,(anonymous_9)
FNDA:0,eventHandle
FNDA:0,isFunc
FNDA:1,createWrap
FNDA:0,isDOM
FNDA:0,isJQ
FNDA:0,clickClose
FNDA:0,addShowList
FNDA:0,removeShowList
FNDA:0,(anonymous_18)
FNDA:0,maskControl
FNDA:0,setMaskZIndex
FNDA:0,getQueue
FNDA:0,getLoadingBoxIndex
FNDA:0,getBox
FNDA:0,(anonymous_24)
FNDA:0,Box
FNDA:0,(anonymous_26)
FNDA:0,(anonymous_27)
FNDA:0,(anonymous_28)
FNDA:0,(anonymous_29)
FNDA:0,(anonymous_30)
FNDA:0,(anonymous_31)
FNDA:0,(anonymous_32)
FNDA:0,(anonymous_33)
FNDA:0,(anonymous_34)
FNDA:0,(anonymous_35)
FNDA:0,(anonymous_36)
FNDA:0,(anonymous_37)
FNDA:0,close
FNDA:0,(anonymous_39)
FNDA:0,alert
FNDA:0,confirm
FNDA:0,loading
FNDA:0,(anonymous_43)
FNDA:0,loaded
FNDA:0,done
FNDA:0,(anonymous_46)
FNDA:0,fail
FNDA:0,(anonymous_48)
FNDA:0,message
FNDA:0,popup
FNDA:1,(anonymous_51)
FNDA:0,(anonymous_52)
FNDA:0,(anonymous_53)
FNDA:0,(anonymous_54)
FNDA:0,(anonymous_55)
FNDA:1,setMaskEffect
DA:6,1
DA:9,1
DA:10,1
DA:11,0
DA:12,0
DA:14,0
DA:22,1
DA:23,1
DA:24,1
DA:26,1
DA:27,1
DA:28,1
DA:29,1
DA:30,1
DA:31,1
DA:32,1
DA:33,1
DA:34,1
DA:35,1
DA:37,1
DA:250,1
DA:370,0
DA:380,2
DA:381,0
DA:382,2
DA:383,2
DA:384,2
DA:385,13
DA:391,13
DA:394,13
DA:395,13
DA:396,1
DA:397,0
DA:398,0
DA:401,1
DA:402,1
DA:404,1
DA:405,0
DA:406,0
DA:408,0
DA:410,0
DA:412,0
DA:413,0
DA:417,1
DA:418,0
DA:419,0
DA:420,0
DA:424,12
DA:425,12
DA:426,0
DA:432,13
DA:434,6
DA:435,6
DA:437,6
DA:438,12
DA:439,0
DA:440,0
DA:441,0
DA:448,13
DA:452,0
DA:453,0
DA:455,0
DA:460,0
DA:464,1
DA:479,0
DA:484,0
DA:490,0
DA:491,0
DA:492,0
DA:493,0
DA:494,0
DA:495,0
DA:502,0
DA:503,0
DA:504,0
DA:509,0
DA:511,0
DA:512,0
DA:513,0
DA:516,0
DA:517,0
DA:528,0
DA:530,0
DA:532,0
DA:533,0
DA:534,0
DA:535,0
DA:536,0
DA:537,0
DA:538,0
DA:539,0
DA:540,0
DA:541,0
DA:542,0
DA:543,0
DA:549,0
DA:550,0
DA:551,0
DA:552,0
DA:554,0
DA:555,0
DA:556,0
DA:557,0
DA:559,0
DA:560,0
DA:561,0
DA:562,0
DA:563,0
DA:568,0
DA:572,0
DA:573,0
DA:574,0
DA:575,0
DA:576,0
DA:577,0
DA:583,0
DA:585,0
DA:586,0
DA:587,0
DA:591,0
DA:595,0
DA:596,0
DA:597,0
DA:599,0
DA:600,0
DA:601,0
DA:602,0
DA:605,0
DA:606,0
DA:609,0
DA:610,0
DA:611,0
DA:616,0
DA:618,0
DA:619,0
DA:620,0
DA:621,0
DA:622,0
DA:623,0
DA:624,0
DA:625,0
DA:629,0
DA:630,0
DA:633,0
DA:637,0
DA:638,0
DA:641,0
DA:642,0
DA:643,0
DA:648,1
DA:655,0
DA:656,0
DA:658,0
DA:659,0
DA:662,0
DA:663,0
DA:666,0
DA:667,0
DA:668,0
DA:670,0
DA:676,0
DA:677,0
DA:680,0
DA:681,0
DA:682,0
DA:684,0
DA:685,0
DA:686,0
DA:687,0
DA:689,0
DA:690,0
DA:693,0
DA:695,0
DA:696,0
DA:697,0
DA:701,0
DA:702,0
DA:704,0
DA:705,0
DA:706,0
DA:707,0
DA:709,0
DA:711,0
DA:712,0
DA:715,0
DA:716,0
DA:717,0
DA:719,0
DA:721,0
DA:722,0
DA:723,0
DA:724,0
DA:726,0
DA:727,0
DA:729,0
DA:730,0
DA:732,0
DA:733,0
DA:734,0
DA:736,0
DA:739,0
DA:740,0
DA:741,0
DA:743,0
DA:745,0
DA:751,0
DA:752,0
DA:754,0
DA:755,0
DA:756,0
DA:757,0
DA:760,0
DA:761,0
DA:763,0
DA:764,0
DA:765,0
DA:766,0
DA:767,0
DA:769,0
DA:770,0
DA:772,0
DA:775,0
DA:776,0
DA:777,0
DA:778,0
DA:780,0
DA:781,0
DA:782,0
DA:784,0
DA:785,0
DA:788,0
DA:791,0
DA:792,0
DA:793,0
DA:794,0
DA:795,0
DA:800,0
DA:801,0
DA:806,0
DA:807,0
DA:809,0
DA:811,0
DA:812,0
DA:813,0
DA:815,0
DA:816,0
DA:817,0
DA:818,0
DA:819,0
DA:820,0
DA:822,0
DA:825,0
DA:830,0
DA:831,0
DA:833,0
DA:838,0
DA:839,0
DA:841,0
DA:842,0
DA:845,0
DA:846,0
DA:847,0
DA:849,0
DA:850,0
DA:853,0
DA:856,0
DA:857,0
DA:860,0
DA:862,0
DA:863,0
DA:864,0
DA:865,0
DA:866,0
DA:869,0
DA:871,0
DA:872,0
DA:873,0
DA:874,0
DA:879,0
DA:880,0
DA:882,0
DA:883,0
DA:884,0
DA:885,0
DA:886,0
DA:887,0
DA:888,0
DA:890,0
DA:894,0
DA:895,0
DA:896,0
DA:898,0
DA:899,0
DA:912,0
DA:913,0
DA:914,0
DA:918,0
DA:920,0
DA:921,0
DA:923,0
DA:924,0
DA:925,0
DA:926,0
DA:927,0
DA:928,0
DA:933,0
DA:934,0
DA:935,0
DA:936,0
DA:937,0
DA:941,0
DA:945,0
DA:946,0
DA:947,0
DA:950,0
DA:953,0
DA:954,0
DA:955,0
DA:956,0
DA:957,0
DA:958,0
DA:963,0
DA:964,0
DA:965,0
DA:966,0
DA:967,0
DA:968,0
DA:980,0
DA:981,0
DA:982,0
DA:992,0
DA:993,0
DA:994,0
DA:1003,0
DA:1005,0
DA:1007,0
DA:1008,0
DA:1009,0
DA:1010,0
DA:1014,0
DA:1022,0
DA:1023,0
DA:1025,0
DA:1036,0
DA:1037,0
DA:1038,0
DA:1041,0
DA:1043,0
DA:1044,0
DA:1046,0
DA:1047,0
DA:1049,0
DA:1052,0
DA:1053,0
DA:1056,0
DA:1066,0
DA:1067,0
DA:1068,0
DA:1071,0
DA:1073,0
DA:1074,0
DA:1076,0
DA:1077,0
DA:1079,0
DA:1082,0
DA:1083,0
DA:1086,0
DA:1095,0
DA:1097,0
DA:1098,0
DA:1107,0
DA:1110,1
DA:1113,1
DA:1122,0
DA:1128,0
DA:1130,0
DA:1133,0
DA:1136,0
DA:1137,0
DA:1143,1
DA:1147,1
DA:1148,1
DA:1149,1
DA:1152,1
LF:384
LH:48
BRDA:9,0,0,1
BRDA:9,0,1,0
BRDA:9,1,0,1
BRDA:9,1,1,1
BRDA:11,2,0,0
BRDA:11,2,1,0
BRDA:11,3,0,0
BRDA:11,3,1,0
BRDA:380,4,0,0
BRDA:380,4,1,2
BRDA:382,5,0,2
BRDA:382,5,1,0
BRDA:391,6,0,13
BRDA:391,6,1,0
BRDA:394,7,0,13
BRDA:394,7,1,0
BRDA:394,8,0,13
BRDA:394,8,1,6
BRDA:395,9,0,1
BRDA:395,9,1,12
BRDA:396,10,0,0
BRDA:396,10,1,1
BRDA:408,11,0,0
BRDA:408,11,1,0
BRDA:412,12,0,0
BRDA:412,12,1,0
BRDA:419,13,0,0
BRDA:419,13,1,0
BRDA:426,14,0,0
BRDA:426,14,1,0
BRDA:432,15,0,6
BRDA:432,15,1,7
BRDA:438,16,0,0
BRDA:438,16,1,12
BRDA:440,17,0,0
BRDA:440,17,1,0
BRDA:452,18,0,0
BRDA:452,18,1,0
BRDA:460,19,0,0
BRDA:460,19,1,0
BRDA:493,20,0,0
BRDA:493,20,1,0
BRDA:493,21,0,0
BRDA:493,21,1,0
BRDA:493,21,2,0
BRDA:516,22,0,0
BRDA:516,22,1,0
BRDA:530,23,0,0
BRDA:530,23,1,0
BRDA:532,24,0,0
BRDA:532,24,1,0
BRDA:535,25,0,0
BRDA:535,25,1,0
BRDA:540,26,0,0
BRDA:540,26,1,0
BRDA:540,27,0,0
BRDA:540,27,1,0
BRDA:549,28,0,0
BRDA:549,28,1,0
BRDA:551,29,0,0
BRDA:551,29,1,0
BRDA:554,30,0,0
BRDA:554,30,1,0
BRDA:559,31,0,0
BRDA:559,31,1,0
BRDA:572,32,0,0
BRDA:572,32,1,0
BRDA:574,33,0,0
BRDA:574,33,1,0
BRDA:576,34,0,0
BRDA:576,34,1,0
BRDA:585,35,0,0
BRDA:585,35,1,0
BRDA:586,36,0,0
BRDA:586,36,1,0
BRDA:586,37,0,0
BRDA:586,37,1,0
BRDA:599,38,0,0
BRDA:599,38,1,0
BRDA:601,39,0,0
BRDA:601,39,1,0
BRDA:605,40,0,0
BRDA:605,40,1,0
BRDA:609,41,0,0
BRDA:609,41,1,0
BRDA:620,42,0,0
BRDA:620,42,1,0
BRDA:629,43,0,0
BRDA:629,43,1,0
BRDA:642,44,0,0
BRDA:642,44,1,0
BRDA:655,45,0,0
BRDA:655,45,1,0
BRDA:655,46,0,0
BRDA:655,46,1,0
BRDA:658,47,0,0
BRDA:658,47,1,0
BRDA:662,48,0,0
BRDA:662,48,1,0
BRDA:662,49,0,0
BRDA:662,49,1,0
BRDA:666,50,0,0
BRDA:666,50,1,0
BRDA:667,51,0,0
BRDA:667,51,1,0
BRDA:676,52,0,0
BRDA:676,52,1,0
BRDA:676,53,0,0
BRDA:676,53,1,0
BRDA:684,54,0,0
BRDA:684,54,1,0
BRDA:686,55,0,0
BRDA:686,55,1,0
BRDA:701,56,0,0
BRDA:701,56,1,0
BRDA:701,57,0,0
BRDA:701,57,1,0
BRDA:711,58,0,0
BRDA:711,58,1,0
BRDA:716,59,0,0
BRDA:716,59,1,0
BRDA:719,60,0,0
BRDA:719,60,1,0
BRDA:726,61,0,0
BRDA:726,61,1,0
BRDA:729,62,0,0
BRDA:729,62,1,0
BRDA:732,63,0,0
BRDA:732,63,1,0
BRDA:739,64,0,0
BRDA:739,64,1,0
BRDA:751,65,0,0
BRDA:751,65,1,0
BRDA:751,66,0,0
BRDA:751,66,1,0
BRDA:754,67,0,0
BRDA:754,67,1,0
BRDA:769,68,0,0
BRDA:769,68,1,0
BRDA:769,69,0,0
BRDA:769,69,1,0
BRDA:772,70,0,0
BRDA:772,70,1,0
BRDA:781,71,0,0
BRDA:781,71,1,0
BRDA:784,72,0,0
BRDA:784,72,1,0
BRDA:792,73,0,0
BRDA:792,73,1,0
BRDA:800,74,0,0
BRDA:800,74,1,0
BRDA:800,75,0,0
BRDA:800,75,1,0
BRDA:806,76,0,0
BRDA:806,76,1,0
BRDA:806,77,0,0
BRDA:806,77,1,0
BRDA:815,78,0,0
BRDA:815,78,1,0
BRDA:817,79,0,0
BRDA:817,79,1,0
BRDA:830,80,0,0
BRDA:830,80,1,0
BRDA:830,81,0,0
BRDA:830,81,1,0
BRDA:838,82,0,0
BRDA:838,82,1,0
BRDA:838,83,0,0
BRDA:838,83,1,0
BRDA:846,84,0,0
BRDA:846,84,1,0
BRDA:849,85,0,0
BRDA:849,85,1,0
BRDA:856,86,0,0
BRDA:856,86,1,0
BRDA:856,87,0,0
BRDA:856,87,1,0
BRDA:856,87,2,0
BRDA:865,88,0,0
BRDA:865,88,1,0
BRDA:871,89,0,0
BRDA:871,89,1,0
BRDA:871,90,0,0
BRDA:871,90,1,0
BRDA:871,90,2,0
BRDA:871,90,3,0
BRDA:879,91,0,0
BRDA:879,91,1,0
BRDA:894,92,0,0
BRDA:894,92,1,0
BRDA:894,93,0,0
BRDA:894,93,1,0
BRDA:895,94,0,0
BRDA:895,94,1,0
BRDA:898,95,0,0
BRDA:898,95,1,0
BRDA:912,96,0,0
BRDA:912,96,1,0
BRDA:920,97,0,0
BRDA:920,97,1,0
BRDA:927,98,0,0
BRDA:927,98,1,0
BRDA:936,99,0,0
BRDA:936,99,1,0
BRDA:945,100,0,0
BRDA:945,100,1,0
BRDA:945,101,0,0
BRDA:945,101,1,0
BRDA:956,102,0,0
BRDA:956,102,1,0
BRDA:956,103,0,0
BRDA:956,103,1,0
BRDA:966,104,0,0
BRDA:966,104,1,0
BRDA:966,105,0,0
BRDA:966,105,1,0
BRDA:966,105,2,0
BRDA:1008,106,0,0
BRDA:1008,106,1,0
BRDA:1022,107,0,0
BRDA:1022,107,1,0
BRDA:1022,108,0,0
BRDA:1022,108,1,0
BRDA:1036,109,0,0
BRDA:1036,109,1,0
BRDA:1046,110,0,0
BRDA:1046,110,1,0
BRDA:1066,111,0,0
BRDA:1066,111,1,0
BRDA:1076,112,0,0
BRDA:1076,112,1,0
BRDA:1147,113,0,0
BRDA:1147,113,1,1
BRDA:1148,114,0,0
BRDA:1148,114,1,1
BRF:235
BRH:17
end_of_record
TN:
SF:/Users/baijunjie/Documents/GitHub/vue-project/src/views/home/index.vue
FN:9,(anonymous_0)
FNF:1
FNH:0
FNDA:0,(anonymous_0)
DA:9,1
DA:10,0
DA:15,0
LF:3
LH:1
BRF:0
BRH:0
end_of_record
